<?xml version="1.0" encoding="UTF-8"?>
<!-- Generated by org.testng.reporters.JUnitXMLReporter -->
<testsuite ignored="1" hostname="gurlaptop193" failures="0" tests="10" name="Test" time="0.144" errors="0" timestamp="2021-04-26T21:15:54 IST">
  <testcase classname="testNg.Basic" name="Demo" time="0.008"/>
  <testcase classname="testNg.Basic" name="newdemo" time="0.003"/>
  <testcase classname="testNg.Basic2" name="demo3" time="0.003"/>
  <testcase classname="testNg.Basic3" name="Mobileloan" time="0.002"/>
  <testcase classname="testNg.Basic3" name="HouseLoan" time="0.002"/>
  <testcase classname="testNg.Basic4" name="HouseLoanAPI" time="0.004"/>
  <testcase classname="testNg.Basic4" name="MobileloanAPI" time="0.002"/>
  <testcase classname="testNg.Basic4" name="MobileloanAPI" time="0.002"/>
  <testcase classname="testNg.Basic4" name="MobileloanAPI" time="0.002"/>
  <testcase classname="testNg.Basic4" name="carloanAPI" time="0.002"/>
  <testcase classname="testNg.Basic3" name="carloan" time="0.0">
    <ignored/>
  </testcase> <!-- carloan -->
</testsuite> <!-- Test -->
