<?xml version="1.0" encoding="UTF-8"?>
<!-- Generated by org.testng.reporters.JUnitXMLReporter -->
<testsuite ignored="1" hostname="gurlaptop193" failures="0" tests="2" name="Default test" time="0.114" errors="0" timestamp="2021-04-26T21:13:39 IST">
  <testcase classname="testNg.Basic3" name="Mobileloan" time="0.018"/>
  <testcase classname="testNg.Basic3" name="HouseLoan" time="0.005"/>
  <testcase classname="testNg.Basic3" name="carloan" time="0.0">
    <ignored/>
  </testcase> <!-- carloan -->
</testsuite> <!-- Default test -->
